Microsoft (R) Macro Assembler Version 5.10                  3/22/18 09:49:58
                                                             Page     1-1


       1				PUBLIC X
       2				EXTRN exit: far
       3				
       4 0000				SSTK SEGMENT para STACK 'STACK'
       5 0000  0064[				db 100 dup(0)
       6	   00			
       7			 ]	
       8				
       9 0064				SSTK ENDS
      10				
      11 0000				SD1 SEGMENT para public 'DATA'
      12 0000  58				X db 'X'
      13 0001				SD1 ENDS
      14				
      15 0000				SC1 SEGMENT para public 'CODE'
      16					assume CS:SC1, DS:SD1
      17 0000				main:
      18 0000  B8 ---- R			mov ax, SD1
      19 0003  8E D8				mov ds, ax
      20					
      21 0005  EA 0000 ---- E			jmp exit
      22 000A				SC1 ENDS
      23				END main
Microsoft (R) Macro Assembler Version 5.10                  3/22/18 09:49:58
                                                             Symbols-1


Segments and Groups:

                N a m e         	Length	 Align	Combine Class

SC1  . . . . . . . . . . . . . .  	000A	PARA	PUBLIC	'CODE'
SD1  . . . . . . . . . . . . . .  	0001	PARA	PUBLIC	'DATA'
SSTK . . . . . . . . . . . . . .  	0064	PARA	STACK	'STACK'

Symbols:            

                N a m e         	Type	 Value	 Attr

EXIT . . . . . . . . . . . . . .  	L FAR 	0000		External

MAIN . . . . . . . . . . . . . .  	L NEAR	0000	SC1

X  . . . . . . . . . . . . . . .  	L BYTE	0000	SD1	Global

@CPU . . . . . . . . . . . . . .  	TEXT  0101h		
@FILENAME  . . . . . . . . . . .  	TEXT  lr05_4_1		
@VERSION . . . . . . . . . . . .  	TEXT  510		


     20 Source  Lines
     20 Total   Lines
     18 Symbols

  46302 + 447310 Bytes symbol space free

      0 Warning Errors
      0 Severe  Errors
